c:\users\adminstrator\desktop\explorer\myexplorer\myexplorer\debug\myexplorer.pch
c:\users\adminstrator\desktop\explorer\myexplorer\myexplorer\debug\vc120.pdb
c:\users\adminstrator\desktop\explorer\myexplorer\myexplorer\debug\vc120.idb
c:\users\adminstrator\desktop\explorer\myexplorer\myexplorer\debug\stdafx.obj
c:\users\adminstrator\desktop\explorer\myexplorer\myexplorer\debug\caddress.obj
c:\users\adminstrator\desktop\explorer\myexplorer\myexplorer\debug\cdrive.obj
c:\users\adminstrator\desktop\explorer\myexplorer\myexplorer\debug\clistview.obj
c:\users\adminstrator\desktop\explorer\myexplorer\myexplorer\debug\cstatus.obj
c:\users\adminstrator\desktop\explorer\myexplorer\myexplorer\debug\ctoolbar.obj
c:\users\adminstrator\desktop\explorer\myexplorer\myexplorer\debug\ctreeview.obj
c:\users\adminstrator\desktop\explorer\myexplorer\myexplorer\debug\dlist.obj
c:\users\adminstrator\desktop\explorer\myexplorer\myexplorer\debug\dnode.obj
c:\users\adminstrator\desktop\explorer\myexplorer\myexplorer\debug\myexplorer.obj
c:\users\adminstrator\desktop\explorer\myexplorer\debug\myexplorer.ilk
c:\users\adminstrator\desktop\explorer\myexplorer\debug\myexplorer.exe
c:\users\adminstrator\desktop\explorer\myexplorer\debug\myexplorer.pdb
c:\users\adminstrator\desktop\explorer\myexplorer\myexplorer\debug\myexplorer.exe.embed.manifest.res
c:\users\adminstrator\desktop\explorer\myexplorer\myexplorer\debug\myexplorer.res
c:\users\adminstrator\desktop\explorer\myexplorer\myexplorer\debug\myexplorer.exe.embed.manifest
c:\users\adminstrator\desktop\explorer\myexplorer\myexplorer\debug\myexplorer_manifest.rc
c:\users\adminstrator\desktop\explorer\myexplorer\myexplorer\debug\myexplorer.tlog\cl.command.1.tlog
c:\users\adminstrator\desktop\explorer\myexplorer\myexplorer\debug\myexplorer.tlog\cl.read.1.tlog
c:\users\adminstrator\desktop\explorer\myexplorer\myexplorer\debug\myexplorer.tlog\cl.write.1.tlog
c:\users\adminstrator\desktop\explorer\myexplorer\myexplorer\debug\myexplorer.tlog\link.command.1.tlog
c:\users\adminstrator\desktop\explorer\myexplorer\myexplorer\debug\myexplorer.tlog\link.read.1.tlog
c:\users\adminstrator\desktop\explorer\myexplorer\myexplorer\debug\myexplorer.tlog\link.write.1.tlog
c:\users\adminstrator\desktop\explorer\myexplorer\myexplorer\debug\myexplorer.tlog\rc.command.1.tlog
c:\users\adminstrator\desktop\explorer\myexplorer\myexplorer\debug\myexplorer.tlog\rc.read.1.tlog
c:\users\adminstrator\desktop\explorer\myexplorer\myexplorer\debug\myexplorer.tlog\rc.write.1.tlog
