Build started 9/16/2016 9:34:28 PM.
     1>Project "C:\Users\Adminstrator\Desktop\Project\MyExplorer\MyExplorer\MyExplorer.vcxproj" on node 2 (Build target(s)).
     1>ClCompile:
         C:\Program Files (x86)\Microsoft Visual Studio 12.0\VC\bin\CL.exe /c /ZI /nologo /W3 /WX- /sdl /Od /Oy- /D WIN32 /D _DEBUG /D _WINDOWS /D _UNICODE /D UNICODE /Gm /EHsc /RTC1 /MDd /GS /fp:precise /Zc:wchar_t /Zc:forScope /Fo"Debug\\" /Fd"Debug\vc120.pdb" /Gd /TP /analyze- /errorReport:prompt MyExplorer.cpp
         MyExplorer.cpp
     1>c:\users\adminstrator\desktop\project\myexplorer\myexplorer\resource.h(42): warning C4005: 'IDB_BITMAP4' : macro redefinition
                 c:\users\adminstrator\desktop\project\myexplorer\myexplorer\resource.h(16) : see previous definition of 'IDB_BITMAP4'
     1>c:\users\adminstrator\desktop\project\myexplorer\myexplorer\resource.h(16): warning C4005: 'IDB_BITMAP4' : macro redefinition
                 c:\users\adminstrator\desktop\project\myexplorer\myexplorer\resource.h(42) : see previous definition of 'IDB_BITMAP4'
     1>c:\users\adminstrator\desktop\project\myexplorer\myexplorer\myexplorer.cpp(450): warning C4018: '<' : signed/unsigned mismatch
       Link:
         C:\Program Files (x86)\Microsoft Visual Studio 12.0\VC\bin\link.exe /ERRORREPORT:PROMPT /OUT:"C:\Users\Adminstrator\Desktop\Project\MyExplorer\Debug\MyExplorer.exe" /INCREMENTAL /NOLOGO kernel32.lib user32.lib gdi32.lib winspool.lib comdlg32.lib advapi32.lib shell32.lib ole32.lib oleaut32.lib uuid.lib odbc32.lib odbccp32.lib /MANIFEST /MANIFESTUAC:"level='asInvoker' uiAccess='false'" /manifest:embed /manifestinput:MyExplorer.manifest /DEBUG /PDB:"C:\Users\Adminstrator\Desktop\Project\MyExplorer\Debug\MyExplorer.pdb" /SUBSYSTEM:WINDOWS /TLBID:1 /DYNAMICBASE /NXCOMPAT /IMPLIB:"C:\Users\Adminstrator\Desktop\Project\MyExplorer\Debug\MyExplorer.lib" /MACHINE:X86 Debug\MyExplorer.res
         Debug\CAddress.obj
         Debug\CDrive.obj
         Debug\CListView.obj
         Debug\CStatus.obj
         Debug\CToolBar.obj
         Debug\CTreeView.obj
         Debug\DList.obj
         Debug\DNode.obj
         Debug\MyExplorer.obj
         Debug\stdafx.obj
         MyExplorer.vcxproj -> C:\Users\Adminstrator\Desktop\Project\MyExplorer\Debug\MyExplorer.exe
     1>Done Building Project "C:\Users\Adminstrator\Desktop\Project\MyExplorer\MyExplorer\MyExplorer.vcxproj" (Build target(s)).

Build succeeded.

Time Elapsed 00:00:01.32
